<?xml version="1.0" encoding="utf-8"?><testsuites name="pytest tests"><testsuite name="pytest" errors="0" failures="0" skipped="0" tests="23" time="29.240" timestamp="2026-08-15T07:18:17.333448+00:00" hostname="agent-env-a88d5f28-e0fd-4f48-afee-78fd08c23c92"><testcase classname="tests.backend_test.TestChat" name="test_chat_normal_question" time="14.461" /><testcase classname="tests.backend_test.TestAdmin" name="test_login_bad_password" time="0.411" /><testcase classname="tests.backend_test.TestAdmin" name="test_login_ok" time="0.471" /><testcase classname="tests.backend_test.TestAdmin" name="test_stats" time="0.055" /><testcase classname="tests.backend_test.TestAdmin" name="test_requires_auth[/admin/stats]" time="0.046" /><testcase classname="tests.backend_test.TestAdmin" name="test_requires_auth[/admin/recent-chats]" time="0.043" /><testcase classname="tests.backend_test.TestAdmin" name="test_requires_auth[/admin/recent-payments]" time="0.043" /><testcase classname="tests.backend_test.TestAdmin" name="test_requires_auth[/admin/knowledge]" time="0.043" /><testcase classname="tests.backend_test.TestAdmin" name="test_recent_chats" time="0.045" /><testcase classname="tests.backend_test.TestAdmin" name="test_recent_payments" time="0.043" /><testcase classname="tests.backend_test.TestAdmin" name="test_knowledge_crud" time="0.200" /><testcase classname="tests.backend_test.TestAdmin" name="test_invalid_token" time="0.046" /><testcase classname="tests.backend_test.TestPayments" name="test_create_order_mock" time="0.046" /><testcase classname="tests.backend_test.TestPayments" name="test_verify_mock_order" time="0.086" /><testcase classname="tests.backend_test.TestPayments" name="test_verify_unknown_order" time="0.050" /><testcase classname="tests.backend_test.TestImageCheck" name="test_image_check_requires_payment" time="0.093" /><testcase classname="tests.backend_test.TestImageCheck" name="test_image_check_flow_and_delete" time="3.216" /><testcase classname="tests.backend_test.TestImageCheck" name="test_image_check_bad_content_type" time="0.210" /><testcase classname="tests.backend_test.TestRoot" name="test_root" time="0.043" /><testcase classname="tests.backend_test.TestRoot" name="test_health" time="0.042" /><testcase classname="tests.backend_test.TestChat" name="test_chat_erotic_redirect" time="0.576" /><testcase classname="tests.backend_test.TestChat" name="test_chat_validation_empty" time="0.042" /><testcase classname="tests.backend_test.TestChat" name="test_symptom_check" time="13.647" /></testsuite></testsuites>